Using pre-set license
Built from '2020.2/release' branch; Version is '2020.2.4f1 (becced5a802b) revision 12504301'; Using compiler version '192528614'; Build Type 'Release'
OS: 'Windows 10 Pro; OS build 19045.2965; Version 2009; 64bit' Language: 'es' Physical Memory: 16331 MB
BatchMode: 1, IsHumanControllingUs: 0, StartBugReporterOnCrash: 0, Is64bit: 1, IsPro: 0

 COMMAND LINE ARGUMENTS:
C:\Program Files\Unity\Hub\Editor\2020.2.4f1\Editor\Unity.exe
-adb2
-batchMode
-noUpm
-name
AssetImportWorker0
-projectPath
C:/University/FOURTH YEAR/Interactive Systems/Unity3DAssets
-logFile
Logs/AssetImportWorker0.log
-srvPort
51951
Successfully changed project path to: C:/University/FOURTH YEAR/Interactive Systems/Unity3DAssets
C:/University/FOURTH YEAR/Interactive Systems/Unity3DAssets
Using Asset Import Pipeline V2.
Refreshing native plugins compatible for Editor in 102.82 ms, found 2 plugins.
Preloading 0 native plugins for Editor in 0.00 ms.
Initialize engine version: 2020.2.4f1 (becced5a802b)
[Subsystems] Discovering subsystems at path C:/Program Files/Unity/Hub/Editor/2020.2.4f1/Editor/Data/Resources/UnitySubsystems
[Subsystems] Discovering subsystems at path C:/University/FOURTH YEAR/Interactive Systems/Unity3DAssets/Assets
GfxDevice: creating device client; threaded=0
Direct3D:
    Version:  Direct3D 11.0 [level 11.1]
    Renderer: NVIDIA GeForce GTX 1060 6GB (ID=0x1c03)
    Vendor:   
    VRAM:     6043 MB
    Driver:   31.0.15.3598
Shader 'Universal Render Pipeline/Particles/Lit': fallback shader 'Universal Render Pipeline/Particles/SimpleLit' not found
Initialize mono
Mono path[0] = 'C:/Program Files/Unity/Hub/Editor/2020.2.4f1/Editor/Data/Managed'
Mono path[1] = 'C:/Program Files/Unity/Hub/Editor/2020.2.4f1/Editor/Data/MonoBleedingEdge/lib/mono/unityjit'
Mono config path = 'C:/Program Files/Unity/Hub/Editor/2020.2.4f1/Editor/Data/MonoBleedingEdge/etc'
Using monoOptions --debugger-agent=transport=dt_socket,embedding=1,server=y,suspend=n,address=127.0.0.1:56712
Begin MonoManager ReloadAssembly
Registering precompiled unity dll's ...
Register platform support module: C:/Program Files/Unity/Hub/Editor/2020.2.4f1/Editor/Data/PlaybackEngines/WindowsStandaloneSupport/UnityEditor.WindowsStandalone.Extensions.dll
Registered in 0.002957 seconds.
Native extension for WindowsStandalone target not found
Refreshing native plugins compatible for Editor in 84.10 ms, found 2 plugins.
Preloading 0 native plugins for Editor in 0.00 ms.
Invoked RoslynAnalysisRunner static constructor.
RoslynAnalysisRunner will not be running.
RoslynAnalysisRunner has terminated.
Mono: successfully reloaded assembly
- Completed reload, in  1.820 seconds
Platform modules already initialized, skipping
Registering precompiled user dll's ...
Registered in 0.004198 seconds.
Begin MonoManager ReloadAssembly
Native extension for WindowsStandalone target not found
Refreshing native plugins compatible for Editor in 90.67 ms, found 2 plugins.
Preloading 0 native plugins for Editor in 0.00 ms.
Invoked RoslynAnalysisRunner static constructor.
RoslynAnalysisRunner will not be running.
RoslynAnalysisRunner has terminated.
Mono: successfully reloaded assembly
- Completed reload, in  1.526 seconds
Platform modules already initialized, skipping
========================================================================
Worker process is ready to serve import requests
Shader 'Universal Render Pipeline/Particles/Lit': fallback shader 'Universal Render Pipeline/Particles/SimpleLit' not found
Launched and connected shader compiler UnityShaderCompiler.exe after 0.05 seconds
Refreshing native plugins compatible for Editor in 0.96 ms, found 2 plugins.
Preloading 0 native plugins for Editor in 0.00 ms.
Unloading 3811 Unused Serialized files (Serialized files now loaded: 0)
System memory in use before: 206.3 MB.
System memory in use after: 206.5 MB.

Unloading 14 unused Assets to reduce memory usage. Loaded Objects now: 4279.
Total: 10.625600 ms (FindLiveObjects: 1.013800 ms CreateObjectMapping: 0.566600 ms MarkObjects: 8.899000 ms  DeleteObjects: 0.142900 ms)

========================================================================
Received Import Request.
  path: Assets/Scenes/Level3.unity
  artifactKey: Guid(7caa62cc387295b4f914c27933b17bf5) Importer(815301076,1909f56bfc062723c751e8b465ee728b)
Start importing Assets/Scenes/Level3.unity using Guid(7caa62cc387295b4f914c27933b17bf5) Importer(815301076,1909f56bfc062723c751e8b465ee728b)  -> (artifact id: 'dc69a2442ae843c06950cb105c516a40') in 0.020261 seconds
  Import took 0.027843 seconds .

========================================================================
Received Import Request.
  Time since last request: 6.324110 seconds.
  path: Assets/Prefabs
  artifactKey: Guid(12cd0ba5c9f7ed14aaa931fec5c06958) Importer(815301076,1909f56bfc062723c751e8b465ee728b)
Start importing Assets/Prefabs using Guid(12cd0ba5c9f7ed14aaa931fec5c06958) Importer(815301076,1909f56bfc062723c751e8b465ee728b)  -> (artifact id: '649f8d5f04470529e5a0a8ae278d8990') in 0.002575 seconds
  Import took 0.008516 seconds .

========================================================================
Received Import Request.
  Time since last request: 0.007134 seconds.
  path: Assets/Prefabs
  artifactKey: Guid(12cd0ba5c9f7ed14aaa931fec5c06958) Importer(815301076,1909f56bfc062723c751e8b465ee728b)
Start importing Assets/Prefabs using Guid(12cd0ba5c9f7ed14aaa931fec5c06958) Importer(815301076,1909f56bfc062723c751e8b465ee728b)  -> (artifact id: '649f8d5f04470529e5a0a8ae278d8990') in 0.002371 seconds
  Import took 0.007893 seconds .

========================================================================
Received Import Request.
  Time since last request: 0.278865 seconds.
  path: Assets/Prefabs/AtomRocket Variant.prefab
  artifactKey: Guid(27d4f8d4128139441ad94f0da535c748) Importer(815301076,1909f56bfc062723c751e8b465ee728b)
Start importing Assets/Prefabs/AtomRocket Variant.prefab using Guid(27d4f8d4128139441ad94f0da535c748) Importer(815301076,1909f56bfc062723c751e8b465ee728b)  -> (artifact id: '3517e62d64d1f0f4b7af426f9c0d0562') in 1.709565 seconds
  Import took 1.717510 seconds .

========================================================================
Received Import Request.
  Time since last request: 0.000302 seconds.
  path: Assets/Prefabs/PlayersLink.prefab
  artifactKey: Guid(79abb7d854406bd4a93ea9525ef132cd) Importer(815301076,1909f56bfc062723c751e8b465ee728b)
Start importing Assets/Prefabs/PlayersLink.prefab using Guid(79abb7d854406bd4a93ea9525ef132cd) Importer(815301076,1909f56bfc062723c751e8b465ee728b)  -> (artifact id: '867c6b7db7d9bc6c55f988b297657255') in 0.004609 seconds
  Import took 0.010809 seconds .

========================================================================
Received Import Request.
  Time since last request: 0.000181 seconds.
  path: Assets/Prefabs/Fire circle.prefab
  artifactKey: Guid(42906da4499e2b6418af56bbe16a6e2a) Importer(815301076,1909f56bfc062723c751e8b465ee728b)
Start importing Assets/Prefabs/Fire circle.prefab using Guid(42906da4499e2b6418af56bbe16a6e2a) Importer(815301076,1909f56bfc062723c751e8b465ee728b)  -> (artifact id: '4c498261c1ad778c5870445dcf60011a') in 0.007648 seconds
  Import took 0.013440 seconds .

========================================================================
Received Import Request.
  Time since last request: 11.400637 seconds.
  path: Assets/Prefabs/VFX
  artifactKey: Guid(0f6613d95b400ab44bddbe40effaba5b) Importer(815301076,1909f56bfc062723c751e8b465ee728b)
Start importing Assets/Prefabs/VFX using Guid(0f6613d95b400ab44bddbe40effaba5b) Importer(815301076,1909f56bfc062723c751e8b465ee728b)  -> (artifact id: '021af46bf0e81bd35c97bd623ac01e70') in 0.002514 seconds
  Import took 0.008287 seconds .

========================================================================
Received Import Request.
  Time since last request: 17.091197 seconds.
  path: Assets/Prefabs/VFX/Electric Arc.vfx
  artifactKey: Guid(130a5e77bc5f2e147b53b0f235d32ddb) Importer(815301076,1909f56bfc062723c751e8b465ee728b)
Start importing Assets/Prefabs/VFX/Electric Arc.vfx using Guid(130a5e77bc5f2e147b53b0f235d32ddb) Importer(815301076,1909f56bfc062723c751e8b465ee728b)  -> (artifact id: '03aa481340b154ff8c793d8f3264f745') in 0.010000 seconds
  Import took 0.015896 seconds .

========================================================================
Received Import Request.
  Time since last request: 85.170916 seconds.
  path: Assets/Prefabs/VFX/Electric Arc.vfx
  artifactKey: Guid(130a5e77bc5f2e147b53b0f235d32ddb) Importer(815301076,1909f56bfc062723c751e8b465ee728b)
Start importing Assets/Prefabs/VFX/Electric Arc.vfx using Guid(130a5e77bc5f2e147b53b0f235d32ddb) Importer(815301076,1909f56bfc062723c751e8b465ee728b)  -> (artifact id: '9f6cba6042060a33e86aa61914893a48') in 0.007016 seconds
  Import took 0.013440 seconds .

========================================================================
Received Import Request.
  Time since last request: 60.647341 seconds.
  path: Assets/Prefabs/VFX/Electric Arc.vfx
  artifactKey: Guid(130a5e77bc5f2e147b53b0f235d32ddb) Importer(815301076,1909f56bfc062723c751e8b465ee728b)
Start importing Assets/Prefabs/VFX/Electric Arc.vfx using Guid(130a5e77bc5f2e147b53b0f235d32ddb) Importer(815301076,1909f56bfc062723c751e8b465ee728b)  -> (artifact id: '5836694a507427b5f7ab0cddbd2383ef') in 0.006853 seconds
  Import took 0.012847 seconds .

========================================================================
Received Import Request.
  Time since last request: 2.823375 seconds.
  path: Assets/Prefabs/VFX/Electric Arc.vfx
  artifactKey: Guid(130a5e77bc5f2e147b53b0f235d32ddb) Importer(815301076,1909f56bfc062723c751e8b465ee728b)
Start importing Assets/Prefabs/VFX/Electric Arc.vfx using Guid(130a5e77bc5f2e147b53b0f235d32ddb) Importer(815301076,1909f56bfc062723c751e8b465ee728b)  -> (artifact id: '2f566b4c5abdf9dc93a899059f1bc762') in 0.006869 seconds
  Import took 0.013033 seconds .

========================================================================
Received Import Request.
  Time since last request: 46.861821 seconds.
  path: Assets/Prefabs/VFX/Electric Arc.vfx
  artifactKey: Guid(130a5e77bc5f2e147b53b0f235d32ddb) Importer(815301076,1909f56bfc062723c751e8b465ee728b)
Start importing Assets/Prefabs/VFX/Electric Arc.vfx using Guid(130a5e77bc5f2e147b53b0f235d32ddb) Importer(815301076,1909f56bfc062723c751e8b465ee728b)  -> (artifact id: '086acecee7d00c8762595b63aac28048') in 0.006983 seconds
  Import took 0.013100 seconds .

========================================================================
Received Import Request.
  Time since last request: 0.884444 seconds.
  path: Assets/Prefabs/VFX/Electric Arc.vfx
  artifactKey: Guid(130a5e77bc5f2e147b53b0f235d32ddb) Importer(815301076,1909f56bfc062723c751e8b465ee728b)
Start importing Assets/Prefabs/VFX/Electric Arc.vfx using Guid(130a5e77bc5f2e147b53b0f235d32ddb) Importer(815301076,1909f56bfc062723c751e8b465ee728b)  -> (artifact id: '4126482ee31864732c8da0c40a76ec68') in 0.007000 seconds
  Import took 0.013060 seconds .

========================================================================
Received Import Request.
  Time since last request: 35.584392 seconds.
  path: Assets/Prefabs/VFX/Electric Arc.vfx
  artifactKey: Guid(130a5e77bc5f2e147b53b0f235d32ddb) Importer(815301076,1909f56bfc062723c751e8b465ee728b)
Start importing Assets/Prefabs/VFX/Electric Arc.vfx using Guid(130a5e77bc5f2e147b53b0f235d32ddb) Importer(815301076,1909f56bfc062723c751e8b465ee728b)  -> (artifact id: '69e9ea036a9d24a9e2d1e4ac6f359890') in 0.006932 seconds
  Import took 0.012928 seconds .

========================================================================
Received Import Request.
  Time since last request: 27.091240 seconds.
  path: Assets/Prefabs/VFX/Electric Arc.vfx
  artifactKey: Guid(130a5e77bc5f2e147b53b0f235d32ddb) Importer(815301076,1909f56bfc062723c751e8b465ee728b)
Start importing Assets/Prefabs/VFX/Electric Arc.vfx using Guid(130a5e77bc5f2e147b53b0f235d32ddb) Importer(815301076,1909f56bfc062723c751e8b465ee728b)  -> (artifact id: '04aba82e414f8f7cc190c3b45990a49d') in 0.007609 seconds
  Import took 0.014671 seconds .

========================================================================
Received Import Request.
  Time since last request: 17.842482 seconds.
  path: Assets/Prefabs/VFX/Electric Arc.vfx
  artifactKey: Guid(130a5e77bc5f2e147b53b0f235d32ddb) Importer(815301076,1909f56bfc062723c751e8b465ee728b)
Start importing Assets/Prefabs/VFX/Electric Arc.vfx using Guid(130a5e77bc5f2e147b53b0f235d32ddb) Importer(815301076,1909f56bfc062723c751e8b465ee728b)  -> (artifact id: '8f2c2f0ce423e843c727be4956abf797') in 0.006992 seconds
  Import took 0.012913 seconds .

========================================================================
Received Import Request.
  Time since last request: 8.847580 seconds.
  path: Assets/Prefabs/VFX/Electric Arc.vfx
  artifactKey: Guid(130a5e77bc5f2e147b53b0f235d32ddb) Importer(815301076,1909f56bfc062723c751e8b465ee728b)
Start importing Assets/Prefabs/VFX/Electric Arc.vfx using Guid(130a5e77bc5f2e147b53b0f235d32ddb) Importer(815301076,1909f56bfc062723c751e8b465ee728b)  -> (artifact id: 'a2127f7afc43901d71e0071a640fa928') in 0.006946 seconds
  Import took 0.013178 seconds .

========================================================================
Received Import Request.
  Time since last request: 69.523979 seconds.
  path: Assets/Prefabs/VFX/Electric Arc.vfx
  artifactKey: Guid(130a5e77bc5f2e147b53b0f235d32ddb) Importer(815301076,1909f56bfc062723c751e8b465ee728b)
Start importing Assets/Prefabs/VFX/Electric Arc.vfx using Guid(130a5e77bc5f2e147b53b0f235d32ddb) Importer(815301076,1909f56bfc062723c751e8b465ee728b)  -> (artifact id: 'e612662ef6ddc25b2a93ef5fd67cef72') in 0.006896 seconds
  Import took 0.013326 seconds .

========================================================================
Received Import Request.
  Time since last request: 565.218254 seconds.
  path: Assets/Prefabs/VFX/Electric Arc.vfx
  artifactKey: Guid(130a5e77bc5f2e147b53b0f235d32ddb) Importer(815301076,1909f56bfc062723c751e8b465ee728b)
Start importing Assets/Prefabs/VFX/Electric Arc.vfx using Guid(130a5e77bc5f2e147b53b0f235d32ddb) Importer(815301076,1909f56bfc062723c751e8b465ee728b)  -> (artifact id: 'ba61aaf9d15dfa70a2a2d3023dd8b740') in 0.004520 seconds
  Import took 0.010920 seconds .

========================================================================
Received Prepare
Registering precompiled user dll's ...
Registered in 0.003764 seconds.
Begin MonoManager ReloadAssembly
Native extension for WindowsStandalone target not found
Refreshing native plugins compatible for Editor in 0.70 ms, found 2 plugins.
Preloading 0 native plugins for Editor in 0.00 ms.
Invoked RoslynAnalysisRunner static constructor.
RoslynAnalysisRunner will not be running.
RoslynAnalysisRunner has terminated.
Mono: successfully reloaded assembly
- Completed reload, in  1.461 seconds
Platform modules already initialized, skipping
Shader 'Universal Render Pipeline/Particles/Lit': fallback shader 'Universal Render Pipeline/Particles/SimpleLit' not found
Refreshing native plugins compatible for Editor in 0.75 ms, found 2 plugins.
Preloading 0 native plugins for Editor in 0.00 ms.
Unloading 3511 Unused Serialized files (Serialized files now loaded: 0)
System memory in use before: 201.3 MB.
System memory in use after: 201.6 MB.

Unloading 9 unused Assets to reduce memory usage. Loaded Objects now: 4475.
Total: 2.950100 ms (FindLiveObjects: 0.373500 ms CreateObjectMapping: 0.097800 ms MarkObjects: 2.451500 ms  DeleteObjects: 0.026100 ms)

========================================================================
Received Prepare
Registering precompiled user dll's ...
Registered in 0.003824 seconds.
Begin MonoManager ReloadAssembly
Native extension for WindowsStandalone target not found
Refreshing native plugins compatible for Editor in 0.71 ms, found 2 plugins.
Preloading 0 native plugins for Editor in 0.00 ms.
Invoked RoslynAnalysisRunner static constructor.
RoslynAnalysisRunner will not be running.
RoslynAnalysisRunner has terminated.
Mono: successfully reloaded assembly
- Completed reload, in  1.390 seconds
Platform modules already initialized, skipping
Shader 'Universal Render Pipeline/Particles/Lit': fallback shader 'Universal Render Pipeline/Particles/SimpleLit' not found
Refreshing native plugins compatible for Editor in 0.72 ms, found 2 plugins.
Preloading 0 native plugins for Editor in 0.00 ms.
Unloading 3498 Unused Serialized files (Serialized files now loaded: 0)
System memory in use before: 200.8 MB.
System memory in use after: 201.1 MB.

Unloading 9 unused Assets to reduce memory usage. Loaded Objects now: 4477.
Total: 3.247200 ms (FindLiveObjects: 0.412300 ms CreateObjectMapping: 0.101100 ms MarkObjects: 2.712700 ms  DeleteObjects: 0.019600 ms)

========================================================================
Received Import Request.
  Time since last request: 332.913148 seconds.
  path: Packages/com.unity.render-pipelines.high-definition/Runtime/RenderPipelineResources/Material/DefaultHDParticleMaterial.mat
  artifactKey: Guid(b739a3f02ff77bf48b7636e64c3e3b4c) Importer(815301076,1909f56bfc062723c751e8b465ee728b)
Start importing Packages/com.unity.render-pipelines.high-definition/Runtime/RenderPipelineResources/Material/DefaultHDParticleMaterial.mat using Guid(b739a3f02ff77bf48b7636e64c3e3b4c) Importer(815301076,1909f56bfc062723c751e8b465ee728b)  -> (artifact id: '9ac903ac837f53a03395b5304ef93845') in 0.731931 seconds
  Import took 0.739152 seconds .

========================================================================
Received Import Request.
  Time since last request: 14.552958 seconds.
  path: Assets/Materials/Fire circle.mat
  artifactKey: Guid(7ef423263b81e9c459f0816ea0a27328) Importer(815301076,1909f56bfc062723c751e8b465ee728b)
Start importing Assets/Materials/Fire circle.mat using Guid(7ef423263b81e9c459f0816ea0a27328) Importer(815301076,1909f56bfc062723c751e8b465ee728b)  -> (artifact id: '494fe8db80002ba19a2677a07db6c0cd') in 1.828435 seconds
  Import took 1.834857 seconds .

========================================================================
Received Prepare
Registering precompiled user dll's ...
Registered in 0.004472 seconds.
Begin MonoManager ReloadAssembly
Native extension for WindowsStandalone target not found
Refreshing native plugins compatible for Editor in 0.71 ms, found 2 plugins.
Preloading 0 native plugins for Editor in 0.00 ms.
Invoked RoslynAnalysisRunner static constructor.
RoslynAnalysisRunner will not be running.
RoslynAnalysisRunner has terminated.
Mono: successfully reloaded assembly
- Completed reload, in  1.427 seconds
Platform modules already initialized, skipping
Shader 'Universal Render Pipeline/Particles/Lit': fallback shader 'Universal Render Pipeline/Particles/SimpleLit' not found
Refreshing native plugins compatible for Editor in 0.76 ms, found 2 plugins.
Preloading 0 native plugins for Editor in 0.00 ms.
Unloading 3498 Unused Serialized files (Serialized files now loaded: 0)
System memory in use before: 201.5 MB.
System memory in use after: 201.8 MB.

Unloading 10 unused Assets to reduce memory usage. Loaded Objects now: 4649.
Total: 3.322400 ms (FindLiveObjects: 0.385200 ms CreateObjectMapping: 0.105300 ms MarkObjects: 2.789300 ms  DeleteObjects: 0.041600 ms)

AssetImportWorkerClient::OnTransportError - code=2 error=End of file
