Using pre-set license
Built from '2020.2/release' branch; Version is '2020.2.4f1 (becced5a802b) revision 12504301'; Using compiler version '192528614'; Build Type 'Release'
OS: 'Windows 10 Pro; OS build 19045.2965; Version 2009; 64bit' Language: 'es' Physical Memory: 7987 MB
BatchMode: 1, IsHumanControllingUs: 0, StartBugReporterOnCrash: 0, Is64bit: 1, IsPro: 0

 COMMAND LINE ARGUMENTS:
C:\Program Files\Unity\Hub\Editor\2020.2.4f1\Editor\Unity.exe
-adb2
-batchMode
-noUpm
-name
AssetImportWorker1
-projectPath
C:/Users/Jdyx/Documents/UnityProjects/Unity3DAssets
-logFile
Logs/AssetImportWorker1.log
-srvPort
49856
Successfully changed project path to: C:/Users/Jdyx/Documents/UnityProjects/Unity3DAssets
C:/Users/Jdyx/Documents/UnityProjects/Unity3DAssets
Using Asset Import Pipeline V2.
Refreshing native plugins compatible for Editor in 183.32 ms, found 2 plugins.
Preloading 0 native plugins for Editor in 0.00 ms.
Initialize engine version: 2020.2.4f1 (becced5a802b)
[Subsystems] Discovering subsystems at path C:/Program Files/Unity/Hub/Editor/2020.2.4f1/Editor/Data/Resources/UnitySubsystems
[Subsystems] Discovering subsystems at path C:/Users/Jdyx/Documents/UnityProjects/Unity3DAssets/Assets
GfxDevice: creating device client; threaded=0
Direct3D:
    Version:  Direct3D 11.0 [level 11.1]
    Renderer: Intel(R) UHD Graphics (ID=0x8a56)
    Vendor:   
    VRAM:     3993 MB
    Driver:   27.20.100.9664
Shader 'Universal Render Pipeline/Particles/Lit': fallback shader 'Universal Render Pipeline/Particles/SimpleLit' not found
Initialize mono
Mono path[0] = 'C:/Program Files/Unity/Hub/Editor/2020.2.4f1/Editor/Data/Managed'
Mono path[1] = 'C:/Program Files/Unity/Hub/Editor/2020.2.4f1/Editor/Data/MonoBleedingEdge/lib/mono/unityjit'
Mono config path = 'C:/Program Files/Unity/Hub/Editor/2020.2.4f1/Editor/Data/MonoBleedingEdge/etc'
Using monoOptions --debugger-agent=transport=dt_socket,embedding=1,server=y,suspend=n,address=127.0.0.1:56144
Begin MonoManager ReloadAssembly
Registering precompiled unity dll's ...
Register platform support module: C:/Program Files/Unity/Hub/Editor/2020.2.4f1/Editor/Data/PlaybackEngines/WindowsStandaloneSupport/UnityEditor.WindowsStandalone.Extensions.dll
Registered in 0.002791 seconds.
Native extension for WindowsStandalone target not found
Refreshing native plugins compatible for Editor in 191.61 ms, found 2 plugins.
Preloading 0 native plugins for Editor in 0.00 ms.
Invoked RoslynAnalysisRunner static constructor.
RoslynAnalysisRunner will not be running.
RoslynAnalysisRunner has terminated.
Mono: successfully reloaded assembly
- Completed reload, in  2.673 seconds
Platform modules already initialized, skipping
Registering precompiled user dll's ...
Registered in 0.005375 seconds.
Begin MonoManager ReloadAssembly
Native extension for WindowsStandalone target not found
Refreshing native plugins compatible for Editor in 181.39 ms, found 2 plugins.
Preloading 0 native plugins for Editor in 0.00 ms.
Invoked RoslynAnalysisRunner static constructor.
RoslynAnalysisRunner will not be running.
RoslynAnalysisRunner has terminated.
Mono: successfully reloaded assembly
- Completed reload, in  2.679 seconds
Platform modules already initialized, skipping
========================================================================
Worker process is ready to serve import requests
Shader 'Universal Render Pipeline/Particles/Lit': fallback shader 'Universal Render Pipeline/Particles/SimpleLit' not found
Launched and connected shader compiler UnityShaderCompiler.exe after 0.10 seconds
Refreshing native plugins compatible for Editor in 0.62 ms, found 2 plugins.
Preloading 0 native plugins for Editor in 0.00 ms.
Unloading 3808 Unused Serialized files (Serialized files now loaded: 0)
System memory in use before: 192.7 MB.
System memory in use after: 193.0 MB.

Unloading 14 unused Assets to reduce memory usage. Loaded Objects now: 4256.
Total: 6.277800 ms (FindLiveObjects: 0.578400 ms CreateObjectMapping: 0.340500 ms MarkObjects: 5.121900 ms  DeleteObjects: 0.234600 ms)

========================================================================
Received Import Request.
  path: Assets/Prefabs/AtomRocket Variant.prefab
  artifactKey: Guid(19527ac65525b244a952256f7112f4c0) Importer(815301076,1909f56bfc062723c751e8b465ee728b)
Start importing Assets/Prefabs/AtomRocket Variant.prefab using Guid(19527ac65525b244a952256f7112f4c0) Importer(815301076,1909f56bfc062723c751e8b465ee728b)  -> (artifact id: 'a7e0fd13ab6b9a17be98b5341dcf3165') in 1.318074 seconds
  Import took 1.331778 seconds .

========================================================================
Received Import Request.
  Time since last request: 49.998676 seconds.
  path: Assets/Prefabs/AtomRocket Variant.prefab
  artifactKey: Guid(19527ac65525b244a952256f7112f4c0) Importer(815301076,1909f56bfc062723c751e8b465ee728b)
Start importing Assets/Prefabs/AtomRocket Variant.prefab using Guid(19527ac65525b244a952256f7112f4c0) Importer(815301076,1909f56bfc062723c751e8b465ee728b)  -> (artifact id: 'feac8fc52883004c66883f638caa070b') in 0.148652 seconds
  Import took 0.167109 seconds .

========================================================================
Received Import Request.
  Time since last request: 26.835808 seconds.
  path: Assets/Prefabs/AtomRocket Variant.prefab
  artifactKey: Guid(19527ac65525b244a952256f7112f4c0) Importer(815301076,1909f56bfc062723c751e8b465ee728b)
Start importing Assets/Prefabs/AtomRocket Variant.prefab using Guid(19527ac65525b244a952256f7112f4c0) Importer(815301076,1909f56bfc062723c751e8b465ee728b)  -> (artifact id: '11a913cb0aaf0649c74ef06a776afdf2') in 0.084490 seconds
  Import took 0.099483 seconds .

========================================================================
Received Import Request.
  Time since last request: 5.334545 seconds.
  path: Assets/Prefabs/AtomRocket Variant.prefab
  artifactKey: Guid(19527ac65525b244a952256f7112f4c0) Importer(815301076,1909f56bfc062723c751e8b465ee728b)
Start importing Assets/Prefabs/AtomRocket Variant.prefab using Guid(19527ac65525b244a952256f7112f4c0) Importer(815301076,1909f56bfc062723c751e8b465ee728b)  -> (artifact id: '65de6a5f4fe7a8b4acf08640b57a95d4') in 0.232001 seconds
  Import took 0.261368 seconds .

========================================================================
Received Import Request.
  Time since last request: 11.559418 seconds.
  path: Assets/Prefabs/AtomRocket Variant.prefab
  artifactKey: Guid(19527ac65525b244a952256f7112f4c0) Importer(815301076,1909f56bfc062723c751e8b465ee728b)
Start importing Assets/Prefabs/AtomRocket Variant.prefab using Guid(19527ac65525b244a952256f7112f4c0) Importer(815301076,1909f56bfc062723c751e8b465ee728b)  -> (artifact id: '1d651454ea8a351412c7e09c02f700fc') in 0.098959 seconds
  Import took 0.112119 seconds .

========================================================================
Received Import Request.
  Time since last request: 34.422733 seconds.
  path: Assets/Prefabs/AtomRocket Variant.prefab
  artifactKey: Guid(19527ac65525b244a952256f7112f4c0) Importer(815301076,1909f56bfc062723c751e8b465ee728b)
Start importing Assets/Prefabs/AtomRocket Variant.prefab using Guid(19527ac65525b244a952256f7112f4c0) Importer(815301076,1909f56bfc062723c751e8b465ee728b)  -> (artifact id: 'f3b497c1a100c39eac63089acf091f85') in 0.102137 seconds
  Import took 0.126996 seconds .

AssetImportWorkerClient::OnTransportError - code=2 error=End of file
